<?xml version="1.0" encoding="UTF-8"?>
<coverage generated="1524036327">
  <project timestamp="1524036327">
    <package name="MSBios\Application\Controller">
      <file name="/home/judzhin/Projects/_modules/msbios-application/src/Controller/IndexController.php">
        <class name="MSBios\Application\Controller\IndexController" namespace="MSBios\Application\Controller" fullPackage="MSBios" package="MSBios">
          <metrics complexity="0" methods="0" coveredmethods="0" conditionals="0" coveredconditionals="0" statements="0" coveredstatements="0" elements="0" coveredelements="0"/>
        </class>
        <metrics loc="17" ncloc="7" classes="0" methods="0" coveredmethods="0" conditionals="0" coveredconditionals="0" statements="0" coveredstatements="0" elements="0" coveredelements="0"/>
      </file>
    </package>
    <package name="MSBios\Application">
      <file name="/home/judzhin/Projects/_modules/msbios-application/src/Module.php">
        <class name="MSBios\Application\Module" namespace="MSBios\Application" fullPackage="MSBios" package="MSBios">
          <metrics complexity="2" methods="2" coveredmethods="2" conditionals="0" coveredconditionals="0" statements="2" coveredstatements="2" elements="4" coveredelements="4"/>
        </class>
        <line num="24" type="method" name="getConfig" visibility="public" complexity="1" crap="1" count="4"/>
        <line num="26" type="stmt" count="4"/>
        <line num="34" type="method" name="getAutoloaderConfig" visibility="public" complexity="1" crap="1" count="4"/>
        <line num="37" type="stmt" count="4"/>
        <metrics loc="44" ncloc="30" classes="1" methods="2" coveredmethods="2" conditionals="0" coveredconditionals="0" statements="2" coveredstatements="2" elements="4" coveredelements="4"/>
      </file>
    </package>
    <package name="MSBios\Application\Widget">
      <file name="/home/judzhin/Projects/_modules/msbios-application/src/Widget/FollowDevelopmentWidget.php">
        <class name="MSBios\Application\Widget\FollowDevelopmentWidget" namespace="MSBios\Application\Widget" fullPackage="MSBios" package="MSBios">
          <metrics complexity="1" methods="1" coveredmethods="1" conditionals="0" coveredconditionals="0" statements="3" coveredstatements="3" elements="4" coveredelements="4"/>
        </class>
        <line num="27" type="method" name="output" visibility="public" complexity="1" crap="1" count="2"/>
        <line num="30" type="stmt" count="2"/>
        <line num="31" type="stmt" count="2"/>
        <line num="32" type="stmt" count="2"/>
        <metrics loc="34" ncloc="21" classes="1" methods="1" coveredmethods="1" conditionals="0" coveredconditionals="0" statements="3" coveredstatements="3" elements="4" coveredelements="4"/>
      </file>
    </package>
    <metrics files="3" loc="95" ncloc="58" classes="2" methods="3" coveredmethods="3" conditionals="0" coveredconditionals="0" statements="5" coveredstatements="5" elements="8" coveredelements="8"/>
  </project>
</coverage>
